#-----------------------------------------------------------
# Vivado v2015.4 (64-bit)
# SW Build 1412921 on Wed Nov 18 09:43:45 MST 2015
# IP Build 1412160 on Tue Nov 17 13:47:24 MST 2015
# Start of session at: Wed Jun 07 15:44:14 2017
# Process ID: 4452
# Current directory: Y:/project/linux_ov5640_ax7010
# Command line: vivado.exe -gui_launcher_event rodinguilauncherevent5688 Y:\project\linux_ov5640_ax7010\linux_ov5640.xpr
# Log file: Y:/project/linux_ov5640_ax7010/vivado.log
# Journal file: Y:/project/linux_ov5640_ax7010\vivado.jou
#-----------------------------------------------------------
start_gui
open_project Y:/project/linux_ov5640_ax7010/linux_ov5640.xpr
INFO: [Project 1-313] Project file moved from 'Y:/project/linux_ov5640' since last save.
Scanning sources...
Finished scanning sources
INFO: [IP_Flow 19-234] Refreshing IP repositories
INFO: [IP_Flow 19-1700] Loaded user IP repository 'y:/project/zynq_ip_repo'.
INFO: [IP_Flow 19-2313] Loaded Vivado IP repository 'D:/Xilinx/Vivado/2015.4/data/ip'.
open_project: Time (s): cpu = 00:00:20 ; elapsed = 00:00:30 . Memory (MB): peak = 871.180 ; gain = 264.914
open_bd_design {Y:/project/linux_ov5640_ax7010/linux_ov5640.srcs/sources_1/bd/system/system.bd}
Adding component instance block -- xilinx.com:ip:processing_system7:5.5 - processing_system7_0
Adding component instance block -- xilinx.com:ip:axi_vdma:6.2 - axi_vdma_0
Adding component instance block -- xilinx.com:ip:v_tc:6.1 - v_tc_0
Adding component instance block -- xilinx.com:ip:v_axi4s_vid_out:4.0 - v_axi4s_vid_out_0
Adding component instance block -- digilentinc.com:ip:axi_dynclk:1.0 - axi_dynclk_0
Adding component instance block -- digilentinc.com:ip:rgb2dvi:1.2 - rgb2dvi_0
Adding component instance block -- xilinx.com:ip:axi_gpio:2.0 - axi_gpio_hdmi
Adding component instance block -- xilinx.com:ip:xlconstant:1.1 - xlconstant_0
Adding component instance block -- xilinx.com:ip:axis_subset_converter:1.1 - axis_subset_converter_0
Adding component instance block -- xilinx.com:ip:xlconcat:2.1 - xlconcat_0
Adding component instance block -- xilinx.com:ip:proc_sys_reset:5.0 - rst_processing_system7_0_140M
Adding component instance block -- xilinx.com:ip:proc_sys_reset:5.0 - rst_processing_system7_0_100M
Adding component instance block -- xilinx.com:ip:xlconstant:1.1 - xlconstant_1
Adding component instance block -- xilinx.com:ip:axi_gpio:2.0 - axi_gpio_led
Adding component instance block -- xilinx.com:ip:axi_gpio:2.0 - axi_gpio_btn
Adding component instance block -- xilinx.com:ip:axi_vdma:6.2 - axi_vdma_1
Adding component instance block -- www.alinx.com.cn:user:alinx_ov5640_yuv:2.1 - alinx_ov5640_0
Adding component instance block -- www.alinx.com.cn:user:alinx_ov5640_yuv:2.1 - alinx_ov5640_1
Adding component instance block -- xilinx.com:ip:axi_vdma:6.2 - axi_vdma_2
Adding component instance block -- xilinx.com:ip:axi_crossbar:2.1 - xbar
Adding component instance block -- xilinx.com:ip:axi_protocol_converter:2.1 - auto_pc
Adding component instance block -- xilinx.com:ip:axi_dwidth_converter:2.1 - auto_us
Adding component instance block -- xilinx.com:ip:axi_dwidth_converter:2.1 - auto_us
Adding component instance block -- xilinx.com:ip:axi_crossbar:2.1 - xbar
Adding component instance block -- xilinx.com:ip:axi_protocol_converter:2.1 - auto_pc
Adding component instance block -- xilinx.com:ip:axi_protocol_converter:2.1 - auto_pc
Successfully read diagram <system> from BD file <Y:/project/linux_ov5640_ax7010/linux_ov5640.srcs/sources_1/bd/system/system.bd>
open_bd_design: Time (s): cpu = 00:00:15 ; elapsed = 00:00:17 . Memory (MB): peak = 1040.199 ; gain = 169.020
exit
INFO: [Common 17-206] Exiting Vivado at Wed Jun 07 21:24:28 2017...
