#-----------------------------------------------------------
# Vivado v2015.4 (64-bit)
# SW Build 1412921 on Wed Nov 18 09:43:45 MST 2015
# IP Build 1412160 on Tue Nov 17 13:47:24 MST 2015
# Start of session at: Tue Jun 06 14:49:31 2017
# Process ID: 7480
# Current directory: Y:/project/linux_ov5640
# Command line: vivado.exe -gui_launcher_event rodinguilauncherevent7988 Y:\project\linux_ov5640\linux_ov5640.xpr
# Log file: Y:/project/linux_ov5640/vivado.log
# Journal file: Y:/project/linux_ov5640\vivado.jou
#-----------------------------------------------------------
start_gui
open_project Y:/project/linux_ov5640/linux_ov5640.xpr
Scanning sources...
Finished scanning sources
INFO: [IP_Flow 19-234] Refreshing IP repositories
INFO: [IP_Flow 19-1700] Loaded user IP repository 'y:/project/zynq_ip_repo'.
INFO: [IP_Flow 19-2313] Loaded Vivado IP repository 'D:/Xilinx/Vivado/2015.4/data/ip'.
open_project: Time (s): cpu = 00:00:19 ; elapsed = 00:00:30 . Memory (MB): peak = 895.559 ; gain = 277.848
exit
INFO: [Common 17-206] Exiting Vivado at Tue Jun 06 14:50:45 2017...
