11:27:17 INFO  : Launching XSDB server: xsdb.bat C:/Xilinx/SDK/2015.4/scripts/xsdb/xsdb/xsdb-server.tcl
11:27:20 INFO  : XSDB server has started successfully.
11:27:20 INFO  : Processing command line option -hwspec E:/AX7010/labs/pl_key/pl_key.sdk/system_wrapper.hdf.
11:31:38 INFO  : Connected to target on host '127.0.0.1' and port '3121'.
11:31:42 INFO  : 'targets -set -filter {jtag_cable_name =~ "Digilent JTAG-HS1 210249854655" && level==0} -index 1' command is executed.
11:31:44 INFO  : FPGA configured successfully with bitstream "E:/AX7010/labs/pl_key/pl_key.runs/impl_1/system_wrapper.bit"
11:31:57 INFO  : 'targets -set -filter {jtag_cable_name =~ "Digilent JTAG-HS1 210249854655" && level==0} -index 1' command is executed.
11:31:57 INFO  : 'fpga -state' command is executed.
11:31:57 INFO  : Connected to target on host '127.0.0.1' and port '3121'.
11:31:58 INFO  : Sourcing of 'E:/AX7010/labs/pl_key/pl_key.sdk/system_wrapper_hw_platform_0/ps7_init.tcl' is done.
11:31:58 INFO  : 'targets -set -filter {name =~"APU" && jtag_cable_name =~ "Digilent JTAG-HS1 210249854655"} -index 0' command is executed.
11:31:58 INFO  : Hardware design information is loaded from 'E:/AX7010/labs/pl_key/pl_key.sdk/system_wrapper_hw_platform_0/system.hdf'.
11:31:58 INFO  : 'targets -set -filter {name =~"APU" && jtag_cable_name =~ "Digilent JTAG-HS1 210249854655"} -index 0' command is executed.
11:31:58 INFO  : 'stop' command is executed.
11:31:59 INFO  : 'ps7_init' command is executed.
11:31:59 INFO  : 'ps7_post_config' command is executed.
11:31:59 INFO  : 'con' command is executed.
11:31:59 INFO  : Context for processor 'ps7_cortexa9_0' is selected.
11:31:59 INFO  : Processor reset is completed for 'ps7_cortexa9_0'.
11:32:00 INFO  : Context for processor 'ps7_cortexa9_0' is selected.
11:32:00 INFO  : The application 'E:/AX7010/labs/pl_key/pl_key.sdk/pl_key_test/Debug/pl_key_test.elf' is downloaded to processor 'ps7_cortexa9_0'.
11:32:00 INFO  : ----------------XSDB Script----------------
connect -url tcp:127.0.0.1:3121
source E:/AX7010/labs/pl_key/pl_key.sdk/system_wrapper_hw_platform_0/ps7_init.tcl
targets -set -filter {name =~"APU" && jtag_cable_name =~ "Digilent JTAG-HS1 210249854655"} -index 0
loadhw E:/AX7010/labs/pl_key/pl_key.sdk/system_wrapper_hw_platform_0/system.hdf
targets -set -filter {name =~"APU" && jtag_cable_name =~ "Digilent JTAG-HS1 210249854655"} -index 0
stop
ps7_init
ps7_post_config
con
targets -set -nocase -filter {name =~ "ARM*#0" && jtag_cable_name =~ "Digilent JTAG-HS1 210249854655"} -index 0
rst -processor
targets -set -nocase -filter {name =~ "ARM*#0" && jtag_cable_name =~ "Digilent JTAG-HS1 210249854655"} -index 0
dow E:/AX7010/labs/pl_key/pl_key.sdk/pl_key_test/Debug/pl_key_test.elf
----------------End of Script----------------

11:32:00 INFO  : Memory regions updated for context APU
11:32:00 INFO  : Context for processor 'ps7_cortexa9_0' is selected.
11:32:00 INFO  : 'con' command is executed.
11:32:00 INFO  : ----------------XSDB Script (After Launch)----------------
targets -set -nocase -filter {name =~ "ARM*#0" && jtag_cable_name =~ "Digilent JTAG-HS1 210249854655"} -index 0
con
----------------End of Script----------------

21:45:59 WARN  : Unexpected exception occurred.
java.io.IOException: Command [C 197 xsdb eval "disconnect tcfchan#1"] aborted
	at org.eclipse.tcf.core.AbstractChannel$9.run(AbstractChannel.java:753)
	at org.eclipse.tcf.EventQueue.run(EventQueue.java:95)
	at java.lang.Thread.run(Thread.java:745)
Caused by: java.net.SocketException: Connection reset
	at java.net.SocketInputStream.read(SocketInputStream.java:209)
	at java.net.SocketInputStream.read(SocketInputStream.java:141)
	at java.io.BufferedInputStream.read1(BufferedInputStream.java:284)
	at java.io.BufferedInputStream.read(BufferedInputStream.java:345)
	at java.io.FilterInputStream.read(FilterInputStream.java:107)
	at org.eclipse.tcf.core.ChannelTCP.get(ChannelTCP.java:162)
	at org.eclipse.tcf.core.StreamChannel.read(StreamChannel.java:84)
	at org.eclipse.tcf.core.AbstractChannel$1.run(AbstractChannel.java:254)
