17:58:59 **** Incremental Build of configuration Release for project bmp_read ****
make all 
'Building file: ../src/dynclk/dynclk.c'
'Invoking: ARM gcc compiler'
arm-xilinx-eabi-gcc -Wall -O2 -c -fmessage-length=0 -MT"src/dynclk/dynclk.o" -I../../bmp_read_bsp/ps7_cortexa9_0/include -MMD -MP -MF"src/dynclk/dynclk.d" -MT"src/dynclk/dynclk.d" -o "src/dynclk/dynclk.o" "../src/dynclk/dynclk.c"
'Finished building: ../src/dynclk/dynclk.c'
' '
'Building file: ../src/display_ctrl/display_ctrl.c'
'Invoking: ARM gcc compiler'
arm-xilinx-eabi-gcc -Wall -O2 -c -fmessage-length=0 -MT"src/display_ctrl/display_ctrl.o" -I../../bmp_read_bsp/ps7_cortexa9_0/include -MMD -MP -MF"src/display_ctrl/display_ctrl.d" -MT"src/display_ctrl/display_ctrl.d" -o "src/display_ctrl/display_ctrl.o" "../src/display_ctrl/display_ctrl.c"
'Finished building: ../src/display_ctrl/display_ctrl.c'
' '
'Building file: ../src/display_demo.c'
'Invoking: ARM gcc compiler'
arm-xilinx-eabi-gcc -Wall -O2 -c -fmessage-length=0 -MT"src/display_demo.o" -I../../bmp_read_bsp/ps7_cortexa9_0/include -MMD -MP -MF"src/display_demo.d" -MT"src/display_demo.d" -o "src/display_demo.o" "../src/display_demo.c"
../src/display_demo.c: In function 'bmp_load':
../src/display_demo.c:72:34: warning: passing argument 4 of 'f_read' from incompatible pointer type
  res = f_read(&fil, &TMPBUF, 54, &br);
                                  ^
In file included from ../src/display_demo.c:21:0:
../../bmp_read_bsp/ps7_cortexa9_0/include/ff.h:223:9: note: expected 'UINT *' but argument is of type 'u32 *'
 FRESULT f_read (FIL* fp, void* buff, UINT btr, UINT* br);   /* Read data from a file */
         ^
../src/display_demo.c:82:42: warning: passing argument 4 of 'f_read' from incompatible pointer type
   f_read(&fil, &line_buf[0], Ximage * 3, &br);
                                          ^
In file included from ../src/display_demo.c:21:0:
../../bmp_read_bsp/ps7_cortexa9_0/include/ff.h:223:9: note: expected 'UINT *' but argument is of type 'u32 *'
 FRESULT f_read (FIL* fp, void* buff, UINT btr, UINT* br);   /* Read data from a file */
         ^
../src/display_demo.c: In function 'main':
../src/display_demo.c:99:10: warning: variable 'rc' set but not used [-Wunused-but-set-variable]
  FRESULT rc;
          ^
'Finished building: ../src/display_demo.c'
' '
'Building target: bmp_read.elf'
'Invoking: ARM gcc linker'
arm-xilinx-eabi-gcc -Wl,-T -Wl,../src/lscript.ld -L../../bmp_read_bsp/ps7_cortexa9_0/lib -o "bmp_read.elf"  ./src/dynclk/dynclk.o  ./src/display_ctrl/display_ctrl.o  ./src/display_demo.o   -Wl,--start-group,-lxil,-lgcc,-lc,--end-group
./src/display_demo.o: In function `bmp_load':
display_demo.c:(.text+0x24): undefined reference to `f_open'
display_demo.c:(.text+0x4c): undefined reference to `f_read'
display_demo.c:(.text+0xc8): undefined reference to `f_read'
display_demo.c:(.text+0x128): undefined reference to `f_close'
./src/display_demo.o: In function `main':
display_demo.c:(.text.startup+0x18): undefined reference to `f_mount'
collect2.exe: error: ld returned 1 exit status
make: *** [bmp_read.elf] ´íÎó 1

17:59:08 Build Finished (took 8s.829ms)

17:59:08 **** Incremental Build of configuration Debug for project bmp_read ****
make all 
make: Nothing to be done for `all'.
