#-----------------------------------------------------------
# Webtalk v2015.4 (64-bit)
# SW Build 1412921 on Wed Nov 18 09:43:45 MST 2015
# 
# Start of session at: Sat Jun 24 16:56:18 2017
# Process ID: 10488
# Current directory: Y:/project/AX/AX7010/AX7010_CD/02_source/vivado_project/03_helloworld/helloworld.sdk/webtalk
# Command line: wbtcv.exe -mode batch -source sdk_webtalk.tcl
# Log file: Y:/project/AX/AX7010/AX7010_CD/02_source/vivado_project/03_helloworld/helloworld.sdk/webtalk/webtalk.log
# Journal file: Y:/project/AX/AX7010/AX7010_CD/02_source/vivado_project/03_helloworld/helloworld.sdk/webtalk\webtalk.jou
#-----------------------------------------------------------
source sdk_webtalk.tcl
# webtalk_init -webtalk_dir Y:\\project\\AX\\AX7010\\AX7010_CD\\02_source\\vivado_project\\03_helloworld\\helloworld.sdk\\webtalk
# webtalk_register_client -client project
# webtalk_add_data -client project -key date_generated -value "ÐÇÆÚÁù ÁùÔÂ 24 16:56:17 2017" -context "software_version_and_target_device"
# webtalk_add_data -client project -key product_version -value "SDK v2015.4" -context "software_version_and_target_device"
# webtalk_add_data -client project -key build_version -value "2015.4" -context "software_version_and_target_device"
# webtalk_add_data -client project -key os_platform -value "amd64" -context "software_version_and_target_device"
# webtalk_add_data -client project -key registration_id -value "" -context "software_version_and_target_device"
# webtalk_add_data -client project -key tool_flow -value "SDK" -context "software_version_and_target_device"
# webtalk_add_data -client project -key beta -value "false" -context "software_version_and_target_device"
# webtalk_add_data -client project -key route_design -value "NA" -context "software_version_and_target_device"
# webtalk_add_data -client project -key target_family -value "NA" -context "software_version_and_target_device"
# webtalk_add_data -client project -key target_device -value "NA" -context "software_version_and_target_device"
# webtalk_add_data -client project -key target_package -value "NA" -context "software_version_and_target_device"
# webtalk_add_data -client project -key target_speed -value "NA" -context "software_version_and_target_device"
# webtalk_add_data -client project -key random_id -value "4sr2dfao9vtvjn6qnaamnal22c" -context "software_version_and_target_device"
# webtalk_add_data -client project -key project_id -value "2015.4_61" -context "software_version_and_target_device"
# webtalk_add_data -client project -key project_iteration -value "61" -context "software_version_and_target_device"
# webtalk_add_data -client project -key os_name -value "" -context "user_environment"
# webtalk_add_data -client project -key os_release -value "" -context "user_environment"
# webtalk_add_data -client project -key cpu_name -value "" -context "user_environment"
# webtalk_add_data -client project -key cpu_speed -value "" -context "user_environment"
# webtalk_add_data -client project -key total_processors -value "" -context "user_environment"
# webtalk_add_data -client project -key system_ram -value "" -context "user_environment"
# webtalk_register_client -client sdk
# webtalk_add_data -client sdk -key uid -value "1498295144504" -context "sdk\\\\hardware/1498295144504"
# webtalk_add_data -client sdk -key isZynq -value "true" -context "sdk\\\\hardware/1498295144504"
# webtalk_add_data -client sdk -key Processors -value "2" -context "sdk\\\\hardware/1498295144504"
# webtalk_add_data -client sdk -key VivadoVersion -value "2015.4" -context "sdk\\\\hardware/1498295144504"
# webtalk_add_data -client sdk -key Arch -value "zynq" -context "sdk\\\\hardware/1498295144504"
# webtalk_add_data -client sdk -key Device -value "7z010" -context "sdk\\\\hardware/1498295144504"
# webtalk_add_data -client sdk -key IsHandoff -value "true" -context "sdk\\\\hardware/1498295144504"
# webtalk_transmit -clientid 1011553813 -regid "" -xml Y:\\project\\AX\\AX7010\\AX7010_CD\\02_source\\vivado_project\\03_helloworld\\helloworld.sdk\\webtalk\\usage_statistics_ext_sdk.xml -html Y:\\project\\AX\\AX7010\\AX7010_CD\\02_source\\vivado_project\\03_helloworld\\helloworld.sdk\\webtalk\\usage_statistics_ext_sdk.html -wdm Y:\\project\\AX\\AX7010\\AX7010_CD\\02_source\\vivado_project\\03_helloworld\\helloworld.sdk\\webtalk\\sdk_webtalk.wdm -intro "<H3>SDK Usage Report</H3><BR>"
# webtalk_terminate
INFO: [Common 17-206] Exiting Webtalk at Sat Jun 24 16:56:22 2017...
