19:59:20 INFO  : Launching XSDB server: xsdb.bat C:/Xilinx/SDK/2015.4/scripts/xsdb/xsdb/xsdb-server.tcl
19:59:22 INFO  : XSDB server has started successfully.
19:59:22 INFO  : Processing command line option -hwspec E:/AX7010/labs/helloworld/helloworld.sdk/system_wrapper.hdf.
20:01:29 INFO  : Connected to target on host '127.0.0.1' and port '3121'.
20:01:30 INFO  : Sourcing of 'E:/AX7010/labs/helloworld/helloworld.sdk/system_wrapper_hw_platform_0/ps7_init.tcl' is done.
20:01:30 INFO  : 'targets -set -filter {name =~"APU" && jtag_cable_name =~ "Digilent JTAG-HS1 210249854655"} -index 0' command is executed.
20:01:30 INFO  : Hardware design information is loaded from 'E:/AX7010/labs/helloworld/helloworld.sdk/system_wrapper_hw_platform_0/system.hdf'.
20:01:30 INFO  : 'targets -set -filter {name =~"APU" && jtag_cable_name =~ "Digilent JTAG-HS1 210249854655"} -index 0' command is executed.
20:01:30 INFO  : 'stop' command is executed.
20:01:31 INFO  : 'ps7_init' command is executed.
20:01:31 INFO  : 'con' command is executed.
20:01:31 INFO  : Context for processor 'ps7_cortexa9_0' is selected.
20:01:31 INFO  : Processor reset is completed for 'ps7_cortexa9_0'.
20:01:32 INFO  : Context for processor 'ps7_cortexa9_0' is selected.
20:01:32 INFO  : The application 'E:/AX7010/labs/helloworld/helloworld.sdk/helloworld/Debug/helloworld.elf' is downloaded to processor 'ps7_cortexa9_0'.
20:01:32 INFO  : ----------------XSDB Script----------------
connect -url tcp:127.0.0.1:3121
source E:/AX7010/labs/helloworld/helloworld.sdk/system_wrapper_hw_platform_0/ps7_init.tcl
targets -set -filter {name =~"APU" && jtag_cable_name =~ "Digilent JTAG-HS1 210249854655"} -index 0
loadhw E:/AX7010/labs/helloworld/helloworld.sdk/system_wrapper_hw_platform_0/system.hdf
targets -set -filter {name =~"APU" && jtag_cable_name =~ "Digilent JTAG-HS1 210249854655"} -index 0
stop
ps7_init
con
targets -set -nocase -filter {name =~ "ARM*#0" && jtag_cable_name =~ "Digilent JTAG-HS1 210249854655"} -index 0
rst -processor
targets -set -nocase -filter {name =~ "ARM*#0" && jtag_cable_name =~ "Digilent JTAG-HS1 210249854655"} -index 0
dow E:/AX7010/labs/helloworld/helloworld.sdk/helloworld/Debug/helloworld.elf
----------------End of Script----------------

20:01:32 INFO  : Context for processor 'ps7_cortexa9_0' is selected.
20:01:32 INFO  : 'con' command is executed.
20:01:32 INFO  : ----------------XSDB Script (After Launch)----------------
targets -set -nocase -filter {name =~ "ARM*#0" && jtag_cable_name =~ "Digilent JTAG-HS1 210249854655"} -index 0
con
----------------End of Script----------------

20:08:44 WARN  : Unexpected exception occurred.
java.io.IOException: Command [C 115 xsdb eval "disconnect tcfchan#1"] aborted
	at org.eclipse.tcf.core.AbstractChannel$9.run(AbstractChannel.java:753)
	at org.eclipse.tcf.EventQueue.run(EventQueue.java:95)
	at java.lang.Thread.run(Thread.java:745)
Caused by: java.net.SocketException: Connection reset
	at java.net.SocketInputStream.read(SocketInputStream.java:209)
	at java.net.SocketInputStream.read(SocketInputStream.java:141)
	at java.io.BufferedInputStream.read1(BufferedInputStream.java:284)
	at java.io.BufferedInputStream.read(BufferedInputStream.java:345)
	at java.io.FilterInputStream.read(FilterInputStream.java:107)
	at org.eclipse.tcf.core.ChannelTCP.get(ChannelTCP.java:162)
	at org.eclipse.tcf.core.StreamChannel.read(StreamChannel.java:84)
	at org.eclipse.tcf.core.AbstractChannel$1.run(AbstractChannel.java:254)
16:53:04 INFO  : Launching XSDB server: xsdb.bat C:/Xilinx/SDK/2015.4/scripts/xsdb/xsdb/xsdb-server.tcl
16:53:07 INFO  : XSDB server has started successfully.
16:53:07 INFO  : Processing command line option -hwspec Y:/project/AX/AX7010/AX7010_CD/02_source/vivado_project/03_helloworld/helloworld.sdk/system_wrapper.hdf.
16:53:12 INFO  : SDK has detected change in the last modified timestamps for source hardware specification file Source:1475838764190,  Project:1477310345722
16:53:12 INFO  : Project system_wrapper_hw_platform_0's source hardware specification located at E:/AX7010/labs/helloworld/helloworld.sdk/system_wrapper.hdf is now different from the local copy.
		 The local copy will be replaced with the source specification and your workspace will be updated.
16:53:13 INFO  : Project system_wrapper_hw_platform_0's source hardware specification location will not be monitored anymore.
16:53:56 INFO  : Connected to target on host '127.0.0.1' and port '3121'.
16:54:50 INFO  : Connected to target on host '127.0.0.1' and port '3121'.
16:55:29 INFO  : Connected to target on host '127.0.0.1' and port '3121'.
16:55:56 INFO  : Connected to target on host '127.0.0.1' and port '3121'.
16:55:57 INFO  : 'targets -set -filter {jtag_cable_name =~ "Digilent JTAG-HS1 210512180081" && level==0} -index 1' command is executed.
16:55:59 INFO  : FPGA configured successfully with bitstream "Y:/project/AX/AX7010/AX7010_CD/02_source/vivado_project/04_pl_led/pl_led.runs/impl_1/system_wrapper.bit"
16:56:09 INFO  : Connected to target on host '127.0.0.1' and port '3121'.
16:56:09 INFO  : Sourcing of 'Y:/project/AX/AX7010/AX7010_CD/02_source/vivado_project/03_helloworld/helloworld.sdk/system_wrapper_hw_platform_0/ps7_init.tcl' is done.
16:56:09 INFO  : 'targets -set -filter {name =~"APU" && jtag_cable_name =~ "Digilent JTAG-HS1 210512180081"} -index 0' command is executed.
16:56:09 INFO  : Hardware design information is loaded from 'Y:/project/AX/AX7010/AX7010_CD/02_source/vivado_project/03_helloworld/helloworld.sdk/system_wrapper_hw_platform_0/system.hdf'.
16:56:10 INFO  : 'targets -set -filter {name =~"APU" && jtag_cable_name =~ "Digilent JTAG-HS1 210512180081"} -index 0' command is executed.
16:56:10 INFO  : 'stop' command is executed.
16:56:10 ERROR : Invalid context
16:56:10 INFO  : ----------------XSDB Script----------------
connect -url tcp:127.0.0.1:3121
source Y:/project/AX/AX7010/AX7010_CD/02_source/vivado_project/03_helloworld/helloworld.sdk/system_wrapper_hw_platform_0/ps7_init.tcl
targets -set -filter {name =~"APU" && jtag_cable_name =~ "Digilent JTAG-HS1 210512180081"} -index 0
loadhw Y:/project/AX/AX7010/AX7010_CD/02_source/vivado_project/03_helloworld/helloworld.sdk/system_wrapper_hw_platform_0/system.hdf
targets -set -filter {name =~"APU" && jtag_cable_name =~ "Digilent JTAG-HS1 210512180081"} -index 0
stop
ps7_init
----------------End of Script----------------

11:21:42 INFO  : Launching XSDB server: xsdb.bat D:/Xilinx/SDK/2015.4/scripts/xsdb/xsdb/xsdb-server.tcl
11:21:43 INFO  : XSDB server has started successfully.
11:21:46 INFO  : Processing command line option -hwspec Y:/project/AX/AX7010/AX7010_CD/02_source/vivado_project/03_helloworld/helloworld.sdk/system_wrapper.hdf.
11:21:47 INFO  : Checking for hwspec changes in the project system_wrapper_hw_platform_1.
11:22:43 INFO  : Example project helloworld_bsp_xuartps_polled_example_1 has been created successfully.
11:23:20 INFO  : Example project helloworld_bsp_xuartps_low_echo_example_1 has been created successfully.
11:25:28 INFO  : Connected to target on host '127.0.0.1' and port '3121'.
11:25:29 INFO  : Sourcing of 'Y:/project/AX/AX7010/AX7010_CD/02_source/vivado_project/03_helloworld/helloworld.sdk/system_wrapper_hw_platform_0/ps7_init.tcl' is done.
11:25:29 INFO  : 'targets -set -filter {name =~"APU" && jtag_cable_name =~ "Digilent JTAG-HS1 210512180081"} -index 0' command is executed.
11:25:30 INFO  : System reset is completed.
11:25:33 INFO  : 'targets -set -filter {name =~"APU" && jtag_cable_name =~ "Digilent JTAG-HS1 210512180081"} -index 0' command is executed.
11:25:33 INFO  : Hardware design information is loaded from 'Y:/project/AX/AX7010/AX7010_CD/02_source/vivado_project/03_helloworld/helloworld.sdk/system_wrapper_hw_platform_0/system.hdf'.
11:25:34 INFO  : 'ps7_init' command is executed.
11:25:34 INFO  : Context for processor 'ps7_cortexa9_0' is selected.
11:25:34 INFO  : The application 'Y:/project/AX/AX7010/AX7010_CD/02_source/vivado_project/03_helloworld/helloworld.sdk/helloworld/Debug/helloworld.elf' is downloaded to processor 'ps7_cortexa9_0'.
11:25:34 INFO  : ----------------XSDB Script----------------
connect -url tcp:127.0.0.1:3121
source Y:/project/AX/AX7010/AX7010_CD/02_source/vivado_project/03_helloworld/helloworld.sdk/system_wrapper_hw_platform_0/ps7_init.tcl
targets -set -filter {name =~"APU" && jtag_cable_name =~ "Digilent JTAG-HS1 210512180081"} -index 0
rst -system
targets -set -filter {name =~"APU" && jtag_cable_name =~ "Digilent JTAG-HS1 210512180081"} -index 0
loadhw Y:/project/AX/AX7010/AX7010_CD/02_source/vivado_project/03_helloworld/helloworld.sdk/system_wrapper_hw_platform_0/system.hdf
ps7_init
targets -set -nocase -filter {name =~ "ARM*#0" && jtag_cable_name =~ "Digilent JTAG-HS1 210512180081"} -index 0
dow Y:/project/AX/AX7010/AX7010_CD/02_source/vivado_project/03_helloworld/helloworld.sdk/helloworld/Debug/helloworld.elf
----------------End of Script----------------

11:25:34 INFO  : Context for processor 'ps7_cortexa9_0' is selected.
11:25:34 INFO  : 'con' command is executed.
11:25:34 INFO  : ----------------XSDB Script (After Launch)----------------
targets -set -nocase -filter {name =~ "ARM*#0" && jtag_cable_name =~ "Digilent JTAG-HS1 210512180081"} -index 0
con
----------------End of Script----------------

11:25:50 INFO  : Disconnected from the channel tcfchan#1.
11:25:50 INFO  : Connected to target on host '127.0.0.1' and port '3121'.
11:25:51 INFO  : Sourcing of 'Y:/project/AX/AX7010/AX7010_CD/02_source/vivado_project/03_helloworld/helloworld.sdk/system_wrapper_hw_platform_0/ps7_init.tcl' is done.
11:25:51 INFO  : 'targets -set -filter {name =~"APU" && jtag_cable_name =~ "Digilent JTAG-HS1 210512180081"} -index 0' command is executed.
11:25:51 INFO  : Hardware design information is loaded from 'Y:/project/AX/AX7010/AX7010_CD/02_source/vivado_project/03_helloworld/helloworld.sdk/system_wrapper_hw_platform_0/system.hdf'.
11:25:51 INFO  : 'targets -set -filter {name =~"APU" && jtag_cable_name =~ "Digilent JTAG-HS1 210512180081"} -index 0' command is executed.
11:25:51 INFO  : 'stop' command is executed.
11:25:52 INFO  : 'ps7_init' command is executed.
11:25:52 INFO  : 'con' command is executed.
11:25:52 INFO  : Context for processor 'ps7_cortexa9_0' is selected.
11:25:53 INFO  : Processor reset is completed for 'ps7_cortexa9_0'.
11:25:53 INFO  : Context for processor 'ps7_cortexa9_0' is selected.
11:25:53 INFO  : The application 'Y:/project/AX/AX7010/AX7010_CD/02_source/vivado_project/03_helloworld/helloworld.sdk/helloworld_bsp_xuartps_low_echo_example_1/Debug/helloworld_bsp_xuartps_low_echo_example_1.elf' is downloaded to processor 'ps7_cortexa9_0'.
11:25:53 INFO  : ----------------XSDB Script----------------
connect -url tcp:127.0.0.1:3121
source Y:/project/AX/AX7010/AX7010_CD/02_source/vivado_project/03_helloworld/helloworld.sdk/system_wrapper_hw_platform_0/ps7_init.tcl
targets -set -filter {name =~"APU" && jtag_cable_name =~ "Digilent JTAG-HS1 210512180081"} -index 0
loadhw Y:/project/AX/AX7010/AX7010_CD/02_source/vivado_project/03_helloworld/helloworld.sdk/system_wrapper_hw_platform_0/system.hdf
targets -set -filter {name =~"APU" && jtag_cable_name =~ "Digilent JTAG-HS1 210512180081"} -index 0
stop
ps7_init
con
targets -set -nocase -filter {name =~ "ARM*#0" && jtag_cable_name =~ "Digilent JTAG-HS1 210512180081"} -index 0
rst -processor
targets -set -nocase -filter {name =~ "ARM*#0" && jtag_cable_name =~ "Digilent JTAG-HS1 210512180081"} -index 0
dow Y:/project/AX/AX7010/AX7010_CD/02_source/vivado_project/03_helloworld/helloworld.sdk/helloworld_bsp_xuartps_low_echo_example_1/Debug/helloworld_bsp_xuartps_low_echo_example_1.elf
----------------End of Script----------------

11:25:53 INFO  : Context for processor 'ps7_cortexa9_0' is selected.
11:25:53 INFO  : 'con' command is executed.
11:25:53 INFO  : ----------------XSDB Script (After Launch)----------------
targets -set -nocase -filter {name =~ "ARM*#0" && jtag_cable_name =~ "Digilent JTAG-HS1 210512180081"} -index 0
con
----------------End of Script----------------

11:26:34 INFO  : Disconnected from the channel tcfchan#2.
11:26:35 INFO  : Connected to target on host '127.0.0.1' and port '3121'.
11:26:35 INFO  : Sourcing of 'Y:/project/AX/AX7010/AX7010_CD/02_source/vivado_project/03_helloworld/helloworld.sdk/system_wrapper_hw_platform_0/ps7_init.tcl' is done.
11:26:35 INFO  : 'targets -set -filter {name =~"APU" && jtag_cable_name =~ "Digilent JTAG-HS1 210512180081"} -index 0' command is executed.
11:26:35 INFO  : Hardware design information is loaded from 'Y:/project/AX/AX7010/AX7010_CD/02_source/vivado_project/03_helloworld/helloworld.sdk/system_wrapper_hw_platform_0/system.hdf'.
11:26:35 INFO  : 'targets -set -filter {name =~"APU" && jtag_cable_name =~ "Digilent JTAG-HS1 210512180081"} -index 0' command is executed.
11:26:36 INFO  : 'stop' command is executed.
11:26:36 INFO  : 'ps7_init' command is executed.
11:26:36 INFO  : 'con' command is executed.
11:26:36 INFO  : Context for processor 'ps7_cortexa9_0' is selected.
11:26:37 INFO  : Processor reset is completed for 'ps7_cortexa9_0'.
11:26:37 INFO  : Context for processor 'ps7_cortexa9_0' is selected.
11:26:37 INFO  : The application 'Y:/project/AX/AX7010/AX7010_CD/02_source/vivado_project/03_helloworld/helloworld.sdk/helloworld_bsp_xuartps_low_echo_example_1/Debug/helloworld_bsp_xuartps_low_echo_example_1.elf' is downloaded to processor 'ps7_cortexa9_0'.
11:26:37 INFO  : ----------------XSDB Script----------------
connect -url tcp:127.0.0.1:3121
source Y:/project/AX/AX7010/AX7010_CD/02_source/vivado_project/03_helloworld/helloworld.sdk/system_wrapper_hw_platform_0/ps7_init.tcl
targets -set -filter {name =~"APU" && jtag_cable_name =~ "Digilent JTAG-HS1 210512180081"} -index 0
loadhw Y:/project/AX/AX7010/AX7010_CD/02_source/vivado_project/03_helloworld/helloworld.sdk/system_wrapper_hw_platform_0/system.hdf
targets -set -filter {name =~"APU" && jtag_cable_name =~ "Digilent JTAG-HS1 210512180081"} -index 0
stop
ps7_init
con
targets -set -nocase -filter {name =~ "ARM*#0" && jtag_cable_name =~ "Digilent JTAG-HS1 210512180081"} -index 0
rst -processor
targets -set -nocase -filter {name =~ "ARM*#0" && jtag_cable_name =~ "Digilent JTAG-HS1 210512180081"} -index 0
dow Y:/project/AX/AX7010/AX7010_CD/02_source/vivado_project/03_helloworld/helloworld.sdk/helloworld_bsp_xuartps_low_echo_example_1/Debug/helloworld_bsp_xuartps_low_echo_example_1.elf
----------------End of Script----------------

11:26:37 INFO  : Context for processor 'ps7_cortexa9_0' is selected.
11:26:37 INFO  : 'con' command is executed.
11:26:37 INFO  : ----------------XSDB Script (After Launch)----------------
targets -set -nocase -filter {name =~ "ARM*#0" && jtag_cable_name =~ "Digilent JTAG-HS1 210512180081"} -index 0
con
----------------End of Script----------------

11:26:52 INFO  : Disconnected from the channel tcfchan#3.
11:26:52 INFO  : Connected to target on host '127.0.0.1' and port '3121'.
11:26:52 INFO  : Sourcing of 'Y:/project/AX/AX7010/AX7010_CD/02_source/vivado_project/03_helloworld/helloworld.sdk/system_wrapper_hw_platform_0/ps7_init.tcl' is done.
11:26:52 INFO  : 'targets -set -filter {name =~"APU" && jtag_cable_name =~ "Digilent JTAG-HS1 210512180081"} -index 0' command is executed.
11:26:52 INFO  : Hardware design information is loaded from 'Y:/project/AX/AX7010/AX7010_CD/02_source/vivado_project/03_helloworld/helloworld.sdk/system_wrapper_hw_platform_0/system.hdf'.
11:26:53 INFO  : 'targets -set -filter {name =~"APU" && jtag_cable_name =~ "Digilent JTAG-HS1 210512180081"} -index 0' command is executed.
11:26:53 INFO  : 'stop' command is executed.
11:26:53 INFO  : 'ps7_init' command is executed.
11:26:53 INFO  : 'con' command is executed.
11:26:54 INFO  : Context for processor 'ps7_cortexa9_0' is selected.
11:26:54 INFO  : Processor reset is completed for 'ps7_cortexa9_0'.
11:26:54 INFO  : Context for processor 'ps7_cortexa9_0' is selected.
11:26:54 INFO  : The application 'Y:/project/AX/AX7010/AX7010_CD/02_source/vivado_project/03_helloworld/helloworld.sdk/helloworld_bsp_xuartps_low_echo_example_1/Debug/helloworld_bsp_xuartps_low_echo_example_1.elf' is downloaded to processor 'ps7_cortexa9_0'.
11:26:54 INFO  : ----------------XSDB Script----------------
connect -url tcp:127.0.0.1:3121
source Y:/project/AX/AX7010/AX7010_CD/02_source/vivado_project/03_helloworld/helloworld.sdk/system_wrapper_hw_platform_0/ps7_init.tcl
targets -set -filter {name =~"APU" && jtag_cable_name =~ "Digilent JTAG-HS1 210512180081"} -index 0
loadhw Y:/project/AX/AX7010/AX7010_CD/02_source/vivado_project/03_helloworld/helloworld.sdk/system_wrapper_hw_platform_0/system.hdf
targets -set -filter {name =~"APU" && jtag_cable_name =~ "Digilent JTAG-HS1 210512180081"} -index 0
stop
ps7_init
con
targets -set -nocase -filter {name =~ "ARM*#0" && jtag_cable_name =~ "Digilent JTAG-HS1 210512180081"} -index 0
rst -processor
targets -set -nocase -filter {name =~ "ARM*#0" && jtag_cable_name =~ "Digilent JTAG-HS1 210512180081"} -index 0
dow Y:/project/AX/AX7010/AX7010_CD/02_source/vivado_project/03_helloworld/helloworld.sdk/helloworld_bsp_xuartps_low_echo_example_1/Debug/helloworld_bsp_xuartps_low_echo_example_1.elf
----------------End of Script----------------

11:26:55 INFO  : Context for processor 'ps7_cortexa9_0' is selected.
11:26:55 INFO  : 'con' command is executed.
11:26:55 INFO  : ----------------XSDB Script (After Launch)----------------
targets -set -nocase -filter {name =~ "ARM*#0" && jtag_cable_name =~ "Digilent JTAG-HS1 210512180081"} -index 0
con
----------------End of Script----------------

11:37:29 WARN  : Unexpected exception occurred.
java.io.IOException: Command [C 398 xsdb eval "disconnect tcfchan#4"] aborted
	at org.eclipse.tcf.core.AbstractChannel$9.run(AbstractChannel.java:753)
	at org.eclipse.tcf.EventQueue.run(EventQueue.java:95)
	at java.lang.Thread.run(Thread.java:745)
Caused by: java.net.SocketException: Unrecognized Windows Sockets error: 0: recv failed
	at java.net.SocketInputStream.socketRead0(Native Method)
	at java.net.SocketInputStream.socketRead(SocketInputStream.java:116)
	at java.net.SocketInputStream.read(SocketInputStream.java:170)
	at java.net.SocketInputStream.read(SocketInputStream.java:141)
	at java.io.BufferedInputStream.read1(BufferedInputStream.java:284)
	at java.io.BufferedInputStream.read(BufferedInputStream.java:345)
	at java.io.FilterInputStream.read(FilterInputStream.java:107)
	at org.eclipse.tcf.core.ChannelTCP.get(ChannelTCP.java:162)
	at org.eclipse.tcf.core.StreamChannel.read(StreamChannel.java:84)
	at org.eclipse.tcf.core.AbstractChannel$1.run(AbstractChannel.java:254)
