10:51:02 INFO  : Launching XSDB server: xsdb.bat C:/Xilinx/SDK/2015.4/scripts/xsdb/xsdb/xsdb-server.tcl
10:51:04 INFO  : XSDB server has started successfully.
10:51:04 INFO  : Processing command line option -hwspec E:/AX7010/labs/timer_intr/timer_intr.sdk/system_wrapper.hdf.
10:55:03 INFO  : Connected to target on host '127.0.0.1' and port '3121'.
10:55:06 INFO  : Sourcing of 'E:/AX7010/labs/timer_intr/timer_intr.sdk/system_wrapper_hw_platform_0/ps7_init.tcl' is done.
10:55:07 INFO  : 'targets -set -filter {name =~"APU" && jtag_cable_name =~ "Digilent JTAG-HS1 210249854655"} -index 0' command is executed.
10:55:07 INFO  : Hardware design information is loaded from 'E:/AX7010/labs/timer_intr/timer_intr.sdk/system_wrapper_hw_platform_0/system.hdf'.
10:55:07 INFO  : 'targets -set -filter {name =~"APU" && jtag_cable_name =~ "Digilent JTAG-HS1 210249854655"} -index 0' command is executed.
10:55:07 INFO  : 'stop' command is executed.
10:55:07 INFO  : 'ps7_init' command is executed.
10:55:07 INFO  : 'con' command is executed.
10:55:08 INFO  : Context for processor 'ps7_cortexa9_0' is selected.
10:55:08 INFO  : Processor reset is completed for 'ps7_cortexa9_0'.
10:55:08 INFO  : Context for processor 'ps7_cortexa9_0' is selected.
10:55:08 INFO  : The application 'E:/AX7010/labs/timer_intr/timer_intr.sdk/timer_intr_test/Debug/timer_intr_test.elf' is downloaded to processor 'ps7_cortexa9_0'.
10:55:08 INFO  : ----------------XSDB Script----------------
connect -url tcp:127.0.0.1:3121
source E:/AX7010/labs/timer_intr/timer_intr.sdk/system_wrapper_hw_platform_0/ps7_init.tcl
targets -set -filter {name =~"APU" && jtag_cable_name =~ "Digilent JTAG-HS1 210249854655"} -index 0
loadhw E:/AX7010/labs/timer_intr/timer_intr.sdk/system_wrapper_hw_platform_0/system.hdf
targets -set -filter {name =~"APU" && jtag_cable_name =~ "Digilent JTAG-HS1 210249854655"} -index 0
stop
ps7_init
con
targets -set -nocase -filter {name =~ "ARM*#0" && jtag_cable_name =~ "Digilent JTAG-HS1 210249854655"} -index 0
rst -processor
targets -set -nocase -filter {name =~ "ARM*#0" && jtag_cable_name =~ "Digilent JTAG-HS1 210249854655"} -index 0
dow E:/AX7010/labs/timer_intr/timer_intr.sdk/timer_intr_test/Debug/timer_intr_test.elf
----------------End of Script----------------

10:55:09 INFO  : Context for processor 'ps7_cortexa9_0' is selected.
10:55:09 INFO  : 'con' command is executed.
10:55:09 INFO  : ----------------XSDB Script (After Launch)----------------
targets -set -nocase -filter {name =~ "ARM*#0" && jtag_cable_name =~ "Digilent JTAG-HS1 210249854655"} -index 0
con
----------------End of Script----------------

11:14:24 WARN  : Unexpected exception occurred.
java.io.IOException: Command [C 122 xsdb eval "disconnect tcfchan#1"] aborted
	at org.eclipse.tcf.core.AbstractChannel$9.run(AbstractChannel.java:753)
	at org.eclipse.tcf.EventQueue.run(EventQueue.java:95)
	at java.lang.Thread.run(Thread.java:745)
Caused by: java.net.SocketException: Connection reset by peer: socket write error
	at java.net.SocketOutputStream.socketWrite0(Native Method)
	at java.net.SocketOutputStream.socketWrite(SocketOutputStream.java:109)
	at java.net.SocketOutputStream.write(SocketOutputStream.java:153)
	at java.io.BufferedOutputStream.flushBuffer(BufferedOutputStream.java:82)
	at java.io.BufferedOutputStream.flush(BufferedOutputStream.java:140)
	at org.eclipse.tcf.core.ChannelTCP.flush(ChannelTCP.java:192)
	at org.eclipse.tcf.core.AbstractChannel$2.run(AbstractChannel.java:442)
